<?xml version="1.0" encoding="UTF-8"?>
<coverage generated="1685504803156" clover="3.2.0">
  <project timestamp="1685504803156" name="All files">
    <metrics statements="60" coveredstatements="60" conditionals="50" coveredconditionals="50" methods="24" coveredmethods="21" elements="134" coveredelements="131" complexity="0" loc="60" ncloc="60" packages="6" files="10" classes="10"/>
    <package name="src">
      <metrics statements="0" coveredstatements="0" conditionals="0" coveredconditionals="0" methods="0" coveredmethods="0"/>
      <file name="index.js" path="/Users/yichangteh/Documents/bukku/others/antd-inline-edit/src/index.js">
        <metrics statements="0" coveredstatements="0" conditionals="0" coveredconditionals="0" methods="0" coveredmethods="0"/>
      </file>
    </package>
    <package name="src.components">
      <metrics statements="24" coveredstatements="24" conditionals="12" coveredconditionals="12" methods="13" coveredmethods="13"/>
      <file name="StyleWrapper.js" path="/Users/yichangteh/Documents/bukku/others/antd-inline-edit/src/components/StyleWrapper.js">
        <metrics statements="2" coveredstatements="2" conditionals="0" coveredconditionals="0" methods="1" coveredmethods="1"/>
        <line num="6" count="4" type="stmt"/>
        <line num="12" count="249" type="stmt"/>
      </file>
      <file name="index.js" path="/Users/yichangteh/Documents/bukku/others/antd-inline-edit/src/components/index.js">
        <metrics statements="20" coveredstatements="20" conditionals="12" coveredconditionals="12" methods="10" coveredmethods="10"/>
        <line num="41" count="215" type="stmt"/>
        <line num="42" count="215" type="stmt"/>
        <line num="43" count="215" type="stmt"/>
        <line num="47" count="215" type="stmt"/>
        <line num="48" count="11" type="stmt"/>
        <line num="50" count="11" type="stmt"/>
        <line num="54" count="215" type="stmt"/>
        <line num="55" count="17" type="cond" truecount="4" falsecount="0"/>
        <line num="57" count="17" type="stmt"/>
        <line num="60" count="215" type="stmt"/>
        <line num="61" count="5" type="stmt"/>
        <line num="62" count="5" type="stmt"/>
        <line num="63" count="5" type="stmt"/>
        <line num="66" count="215" type="stmt"/>
        <line num="67" count="1" type="stmt"/>
        <line num="68" count="1" type="stmt"/>
        <line num="74" count="215" type="stmt"/>
        <line num="90" count="215" type="stmt"/>
        <line num="92" count="1" type="stmt"/>
        <line num="101" count="215" type="stmt"/>
      </file>
      <file name="test-utils.js" path="/Users/yichangteh/Documents/bukku/others/antd-inline-edit/src/components/test-utils.js">
        <metrics statements="2" coveredstatements="2" conditionals="0" coveredconditionals="0" methods="2" coveredmethods="2"/>
        <line num="8" count="41" type="stmt"/>
        <line num="15" count="40" type="stmt"/>
      </file>
    </package>
    <package name="src.components.lib">
      <metrics statements="1" coveredstatements="1" conditionals="0" coveredconditionals="0" methods="0" coveredmethods="0"/>
      <file name="globals.js" path="/Users/yichangteh/Documents/bukku/others/antd-inline-edit/src/components/lib/globals.js">
        <metrics statements="1" coveredstatements="1" conditionals="0" coveredconditionals="0" methods="0" coveredmethods="0"/>
        <line num="4" count="4" type="stmt"/>
      </file>
    </package>
    <package name="src.components.lib.InlineEditDisplay">
      <metrics statements="11" coveredstatements="11" conditionals="13" coveredconditionals="13" methods="2" coveredmethods="2"/>
      <file name="InlineEditDisplay.js" path="/Users/yichangteh/Documents/bukku/others/antd-inline-edit/src/components/lib/InlineEditDisplay/InlineEditDisplay.js">
        <metrics statements="11" coveredstatements="11" conditionals="13" coveredconditionals="13" methods="2" coveredmethods="2"/>
        <line num="7" count="2" type="stmt"/>
        <line num="17" count="20" type="cond" truecount="2" falsecount="0"/>
        <line num="18" count="12" type="cond" truecount="2" falsecount="0"/>
        <line num="21" count="12" type="cond" truecount="2" falsecount="0"/>
        <line num="22" count="1" type="stmt"/>
        <line num="35" count="11" type="cond" truecount="2" falsecount="0"/>
        <line num="36" count="4" type="stmt"/>
        <line num="44" count="15" type="cond" truecount="2" falsecount="0"/>
        <line num="45" count="7" type="stmt"/>
        <line num="58" count="8" type="stmt"/>
        <line num="64" count="8" type="stmt"/>
      </file>
    </package>
    <package name="src.components.lib.InlineEditInputFactory">
      <metrics statements="14" coveredstatements="14" conditionals="16" coveredconditionals="16" methods="7" coveredmethods="4"/>
      <file name="InlineEditInputFactory.js" path="/Users/yichangteh/Documents/bukku/others/antd-inline-edit/src/components/lib/InlineEditInputFactory/InlineEditInputFactory.js">
        <metrics statements="13" coveredstatements="13" conditionals="16" coveredconditionals="16" methods="7" coveredmethods="4"/>
        <line num="29" count="269" type="stmt"/>
        <line num="30" count="6" type="stmt"/>
        <line num="31" count="6" type="cond" truecount="2" falsecount="0"/>
        <line num="34" count="269" type="stmt"/>
        <line num="36" count="269" type="stmt"/>
        <line num="41" count="4" type="stmt"/>
        <line num="44" count="269" type="stmt"/>
        <line num="49" count="247" type="stmt"/>
        <line num="54" count="269" type="stmt"/>
        <line num="58" count="269" type="stmt"/>
        <line num="63" count="269" type="cond" truecount="2" falsecount="0"/>
        <line num="64" count="3" type="stmt"/>
        <line num="72" count="266" type="stmt"/>
      </file>
      <file name="InlineEditInputFactory.style.js" path="/Users/yichangteh/Documents/bukku/others/antd-inline-edit/src/components/lib/InlineEditInputFactory/InlineEditInputFactory.style.js">
        <metrics statements="1" coveredstatements="1" conditionals="0" coveredconditionals="0" methods="0" coveredmethods="0"/>
        <line num="3" count="4" type="stmt"/>
      </file>
    </package>
    <package name="src.components.lib.InputSuffix">
      <metrics statements="10" coveredstatements="10" conditionals="9" coveredconditionals="9" methods="2" coveredmethods="2"/>
      <file name="InputSuffix.js" path="/Users/yichangteh/Documents/bukku/others/antd-inline-edit/src/components/lib/InputSuffix/InputSuffix.js">
        <metrics statements="9" coveredstatements="9" conditionals="9" coveredconditionals="9" methods="2" coveredmethods="2"/>
        <line num="12" count="277" type="cond" truecount="4" falsecount="0"/>
        <line num="13" count="4" type="stmt"/>
        <line num="16" count="273" type="stmt"/>
        <line num="22" count="273" type="stmt"/>
        <line num="23" count="273" type="cond" truecount="2" falsecount="0"/>
        <line num="24" count="1" type="stmt"/>
        <line num="25" count="1" type="stmt"/>
        <line num="32" count="272" type="stmt"/>
        <line num="42" count="273" type="stmt"/>
      </file>
      <file name="InputSuffix.style.js" path="/Users/yichangteh/Documents/bukku/others/antd-inline-edit/src/components/lib/InputSuffix/InputSuffix.style.js">
        <metrics statements="1" coveredstatements="1" conditionals="0" coveredconditionals="0" methods="0" coveredmethods="0"/>
        <line num="3" count="4" type="stmt"/>
      </file>
    </package>
  </project>
</coverage>
