{"/Users/yichangteh/Documents/bukku/open-source/antd-inline-edit/src/index.js": {"path":"/Users/yichangteh/Documents/bukku/open-source/antd-inline-edit/src/index.js","statementMap":{},"fnMap":{},"branchMap":{},"s":{},"f":{},"b":{}}
,"/Users/yichangteh/Documents/bukku/open-source/antd-inline-edit/src/components/StyleWrapper.js": {"path":"/Users/yichangteh/Documents/bukku/open-source/antd-inline-edit/src/components/StyleWrapper.js","statementMap":{"0":{"start":{"line":7,"column":22},"end":{"line":11,"column":1}},"1":{"start":{"line":14,"column":2},"end":{"line":14,"column":77}}},"fnMap":{"0":{"name":"StyleWrapper","decl":{"start":{"line":13,"column":16},"end":{"line":13,"column":28}},"loc":{"start":{"line":13,"column":43},"end":{"line":15,"column":1}},"line":13}},"branchMap":{},"s":{"0":4,"1":92},"f":{"0":92},"b":{},"_coverageSchema":"1a1c01bbd47fc00a2c39e90264f33305004495a9","hash":"3826af6399295a4ed812d88199518f3e105525fa"}
,"/Users/yichangteh/Documents/bukku/open-source/antd-inline-edit/src/components/index.js": {"path":"/Users/yichangteh/Documents/bukku/open-source/antd-inline-edit/src/components/index.js","statementMap":{"0":{"start":{"line":41,"column":36},"end":{"line":41,"column":67}},"1":{"start":{"line":42,"column":28},"end":{"line":42,"column":50}},"2":{"start":{"line":43,"column":19},"end":{"line":43,"column":27}},"3":{"start":{"line":47,"column":2},"end":{"line":51,"column":21}},"4":{"start":{"line":48,"column":4},"end":{"line":48,"column":27}},"5":{"start":{"line":50,"column":4},"end":{"line":50,"column":20}},"6":{"start":{"line":54,"column":2},"end":{"line":58,"column":28}},"7":{"start":{"line":55,"column":4},"end":{"line":55,"column":85}},"8":{"start":{"line":55,"column":41},"end":{"line":55,"column":83}},"9":{"start":{"line":57,"column":4},"end":{"line":57,"column":20}},"10":{"start":{"line":60,"column":22},"end":{"line":64,"column":3}},"11":{"start":{"line":61,"column":4},"end":{"line":61,"column":18}},"12":{"start":{"line":62,"column":4},"end":{"line":62,"column":20}},"13":{"start":{"line":63,"column":4},"end":{"line":63,"column":24}},"14":{"start":{"line":66,"column":22},"end":{"line":69,"column":3}},"15":{"start":{"line":67,"column":4},"end":{"line":67,"column":23}},"16":{"start":{"line":68,"column":4},"end":{"line":68,"column":30}},"17":{"start":{"line":74,"column":4},"end":{"line":86,"column":10}},"18":{"start":{"line":90,"column":4},"end":{"line":97,"column":6}},"19":{"start":{"line":92,"column":8},"end":{"line":92,"column":27}},"20":{"start":{"line":101,"column":2},"end":{"line":105,"column":4}}},"fnMap":{"0":{"name":"InlineEdit","decl":{"start":{"line":31,"column":9},"end":{"line":31,"column":19}},"loc":{"start":{"line":40,"column":3},"end":{"line":106,"column":1}},"line":40},"1":{"name":"(anonymous_1)","decl":{"start":{"line":32,"column":11},"end":{"line":32,"column":12}},"loc":{"start":{"line":32,"column":17},"end":{"line":32,"column":19}},"line":32},"2":{"name":"(anonymous_2)","decl":{"start":{"line":33,"column":20},"end":{"line":33,"column":21}},"loc":{"start":{"line":33,"column":26},"end":{"line":33,"column":28}},"line":33},"3":{"name":"(anonymous_3)","decl":{"start":{"line":47,"column":12},"end":{"line":47,"column":13}},"loc":{"start":{"line":47,"column":18},"end":{"line":51,"column":3}},"line":47},"4":{"name":"(anonymous_4)","decl":{"start":{"line":50,"column":11},"end":{"line":50,"column":12}},"loc":{"start":{"line":50,"column":17},"end":{"line":50,"column":19}},"line":50},"5":{"name":"(anonymous_5)","decl":{"start":{"line":54,"column":12},"end":{"line":54,"column":13}},"loc":{"start":{"line":54,"column":18},"end":{"line":58,"column":3}},"line":54},"6":{"name":"(anonymous_6)","decl":{"start":{"line":57,"column":11},"end":{"line":57,"column":12}},"loc":{"start":{"line":57,"column":17},"end":{"line":57,"column":19}},"line":57},"7":{"name":"(anonymous_7)","decl":{"start":{"line":60,"column":22},"end":{"line":60,"column":23}},"loc":{"start":{"line":60,"column":33},"end":{"line":64,"column":3}},"line":60},"8":{"name":"(anonymous_8)","decl":{"start":{"line":66,"column":22},"end":{"line":66,"column":23}},"loc":{"start":{"line":66,"column":29},"end":{"line":69,"column":3}},"line":66},"9":{"name":"(anonymous_9)","decl":{"start":{"line":91,"column":15},"end":{"line":91,"column":16}},"loc":{"start":{"line":91,"column":21},"end":{"line":93,"column":7}},"line":91}},"branchMap":{"0":{"loc":{"start":{"line":32,"column":2},"end":{"line":32,"column":19}},"type":"default-arg","locations":[{"start":{"line":32,"column":11},"end":{"line":32,"column":19}}],"line":32},"1":{"loc":{"start":{"line":33,"column":2},"end":{"line":33,"column":28}},"type":"default-arg","locations":[{"start":{"line":33,"column":20},"end":{"line":33,"column":28}}],"line":33},"2":{"loc":{"start":{"line":34,"column":2},"end":{"line":34,"column":21}},"type":"default-arg","locations":[{"start":{"line":34,"column":17},"end":{"line":34,"column":21}}],"line":34},"3":{"loc":{"start":{"line":35,"column":2},"end":{"line":35,"column":21}},"type":"default-arg","locations":[{"start":{"line":35,"column":17},"end":{"line":35,"column":21}}],"line":35},"4":{"loc":{"start":{"line":36,"column":2},"end":{"line":36,"column":46}},"type":"default-arg","locations":[{"start":{"line":36,"column":14},"end":{"line":36,"column":46}}],"line":36},"5":{"loc":{"start":{"line":37,"column":2},"end":{"line":37,"column":26}},"type":"default-arg","locations":[{"start":{"line":37,"column":19},"end":{"line":37,"column":26}}],"line":37},"6":{"loc":{"start":{"line":38,"column":2},"end":{"line":38,"column":31}},"type":"default-arg","locations":[{"start":{"line":38,"column":26},"end":{"line":38,"column":31}}],"line":38},"7":{"loc":{"start":{"line":39,"column":2},"end":{"line":39,"column":50}},"type":"default-arg","locations":[{"start":{"line":39,"column":23},"end":{"line":39,"column":50}}],"line":39},"8":{"loc":{"start":{"line":55,"column":4},"end":{"line":55,"column":85}},"type":"if","locations":[{"start":{"line":55,"column":4},"end":{"line":55,"column":85}},{"start":{},"end":{}}],"line":55},"9":{"loc":{"start":{"line":55,"column":8},"end":{"line":55,"column":37}},"type":"binary-expr","locations":[{"start":{"line":55,"column":8},"end":{"line":55,"column":17}},{"start":{"line":55,"column":21},"end":{"line":55,"column":37}}],"line":55},"10":{"loc":{"start":{"line":103,"column":7},"end":{"line":103,"column":39}},"type":"cond-expr","locations":[{"start":{"line":103,"column":19},"end":{"line":103,"column":26}},{"start":{"line":103,"column":29},"end":{"line":103,"column":39}}],"line":103}},"s":{"0":57,"1":57,"2":57,"3":57,"4":9,"5":9,"6":57,"7":15,"8":8,"9":15,"10":57,"11":5,"12":5,"13":5,"14":57,"15":1,"16":1,"17":57,"18":57,"19":1,"20":57},"f":{"0":57,"1":2,"2":7,"3":9,"4":9,"5":15,"6":15,"7":5,"8":1,"9":1},"b":{"0":[12],"1":[57],"2":[4],"3":[46],"4":[57],"5":[57],"6":[4],"7":[57],"8":[8,7],"9":[15,8],"10":[46,11]},"_coverageSchema":"1a1c01bbd47fc00a2c39e90264f33305004495a9","hash":"61876170448fbee5b5f9ae0b4d197e3f89712e5b"}
,"/Users/yichangteh/Documents/bukku/open-source/antd-inline-edit/src/components/lib/globals.js": {"path":"/Users/yichangteh/Documents/bukku/open-source/antd-inline-edit/src/components/lib/globals.js","statementMap":{"0":{"start":{"line":4,"column":16},"end":{"line":10,"column":1}}},"fnMap":{},"branchMap":{},"s":{"0":4},"f":{},"b":{},"_coverageSchema":"1a1c01bbd47fc00a2c39e90264f33305004495a9","hash":"067e2b0d696a6721290e8305e04c6ad9a87db782"}
,"/Users/yichangteh/Documents/bukku/open-source/antd-inline-edit/src/components/lib/InlineEditDisplay/InlineEditDisplay.js": {"path":"/Users/yichangteh/Documents/bukku/open-source/antd-inline-edit/src/components/lib/InlineEditDisplay/InlineEditDisplay.js","statementMap":{"0":{"start":{"line":7,"column":4},"end":{"line":7,"column":14}},"1":{"start":{"line":17,"column":2},"end":{"line":50,"column":3}},"2":{"start":{"line":22,"column":21},"end":{"line":22,"column":56}},"3":{"start":{"line":24,"column":4},"end":{"line":26,"column":5}},"4":{"start":{"line":25,"column":6},"end":{"line":25,"column":86}},"5":{"start":{"line":28,"column":4},"end":{"line":39,"column":5}},"6":{"start":{"line":29,"column":6},"end":{"line":38,"column":8}},"7":{"start":{"line":42,"column":4},"end":{"line":47,"column":5}},"8":{"start":{"line":43,"column":6},"end":{"line":46,"column":9}},"9":{"start":{"line":52,"column":2},"end":{"line":63,"column":3}},"10":{"start":{"line":53,"column":4},"end":{"line":62,"column":6}},"11":{"start":{"line":66,"column":2},"end":{"line":66,"column":76}},"12":{"start":{"line":72,"column":2},"end":{"line":80,"column":4}}},"fnMap":{"0":{"name":"InlineEditDisplay","decl":{"start":{"line":9,"column":16},"end":{"line":9,"column":33}},"loc":{"start":{"line":16,"column":3},"end":{"line":67,"column":1}},"line":16},"1":{"name":"DisplayPlaceholder","decl":{"start":{"line":69,"column":9},"end":{"line":69,"column":27}},"loc":{"start":{"line":71,"column":3},"end":{"line":81,"column":1}},"line":71}},"branchMap":{"0":{"loc":{"start":{"line":12,"column":2},"end":{"line":12,"column":43}},"type":"default-arg","locations":[{"start":{"line":12,"column":16},"end":{"line":12,"column":43}}],"line":12},"1":{"loc":{"start":{"line":17,"column":2},"end":{"line":50,"column":3}},"type":"if","locations":[{"start":{"line":17,"column":2},"end":{"line":50,"column":3}},{"start":{},"end":{}}],"line":17},"2":{"loc":{"start":{"line":24,"column":4},"end":{"line":26,"column":5}},"type":"if","locations":[{"start":{"line":24,"column":4},"end":{"line":26,"column":5}},{"start":{},"end":{}}],"line":24},"3":{"loc":{"start":{"line":24,"column":8},"end":{"line":24,"column":46}},"type":"binary-expr","locations":[{"start":{"line":24,"column":8},"end":{"line":24,"column":36}},{"start":{"line":24,"column":40},"end":{"line":24,"column":46}}],"line":24},"4":{"loc":{"start":{"line":28,"column":4},"end":{"line":39,"column":5}},"type":"if","locations":[{"start":{"line":28,"column":4},"end":{"line":39,"column":5}},{"start":{},"end":{}}],"line":28},"5":{"loc":{"start":{"line":42,"column":4},"end":{"line":47,"column":5}},"type":"if","locations":[{"start":{"line":42,"column":4},"end":{"line":47,"column":5}},{"start":{},"end":{}}],"line":42},"6":{"loc":{"start":{"line":44,"column":22},"end":{"line":44,"column":56}},"type":"binary-expr","locations":[{"start":{"line":44,"column":22},"end":{"line":44,"column":50}},{"start":{"line":44,"column":54},"end":{"line":44,"column":56}}],"line":44},"7":{"loc":{"start":{"line":52,"column":2},"end":{"line":63,"column":3}},"type":"if","locations":[{"start":{"line":52,"column":2},"end":{"line":63,"column":3}},{"start":{},"end":{}}],"line":52}},"s":{"0":2,"1":22,"2":14,"3":14,"4":2,"5":14,"6":1,"7":13,"8":6,"9":15,"10":7,"11":8,"12":10},"f":{"0":22,"1":10},"b":{"0":[10],"1":[14,8],"2":[2,12],"3":[14,5],"4":[1,13],"5":[6,7],"6":[6,5],"7":[7,8]},"_coverageSchema":"1a1c01bbd47fc00a2c39e90264f33305004495a9","hash":"74e63fe95f5ee125a3a489febea0540449c7510b"}
,"/Users/yichangteh/Documents/bukku/open-source/antd-inline-edit/src/components/lib/InlineEditDisplay/InlineEditDisplay.style.js": {"path":"/Users/yichangteh/Documents/bukku/open-source/antd-inline-edit/src/components/lib/InlineEditDisplay/InlineEditDisplay.style.js","statementMap":{"0":{"start":{"line":3,"column":39},"end":{"line":7,"column":1}}},"fnMap":{},"branchMap":{},"s":{"0":4},"f":{},"b":{},"_coverageSchema":"1a1c01bbd47fc00a2c39e90264f33305004495a9","hash":"76574e767e62e7799769ac48b4c43e4c838ad8e2"}
,"/Users/yichangteh/Documents/bukku/open-source/antd-inline-edit/src/components/lib/InlineEditInputFactory/InlineEditInputFactory.js": {"path":"/Users/yichangteh/Documents/bukku/open-source/antd-inline-edit/src/components/lib/InlineEditInputFactory/InlineEditInputFactory.js","statementMap":{"0":{"start":{"line":29,"column":22},"end":{"line":32,"column":3}},"1":{"start":{"line":30,"column":17},"end":{"line":30,"column":31}},"2":{"start":{"line":31,"column":4},"end":{"line":31,"column":33}},"3":{"start":{"line":34,"column":20},"end":{"line":34,"column":42}},"4":{"start":{"line":36,"column":17},"end":{"line":42,"column":3}},"5":{"start":{"line":39,"column":4},"end":{"line":39,"column":71}},"6":{"start":{"line":39,"column":62},"end":{"line":39,"column":69}},"7":{"start":{"line":41,"column":4},"end":{"line":41,"column":19}},"8":{"start":{"line":44,"column":21},"end":{"line":46,"column":3}},"9":{"start":{"line":45,"column":4},"end":{"line":45,"column":29}},"10":{"start":{"line":48,"column":22},"end":{"line":57,"column":3}},"11":{"start":{"line":58,"column":21},"end":{"line":66,"column":3}},"12":{"start":{"line":67,"column":24},"end":{"line":70,"column":3}},"13":{"start":{"line":72,"column":2},"end":{"line":87,"column":3}},"14":{"start":{"line":73,"column":4},"end":{"line":86,"column":6}},"15":{"start":{"line":89,"column":2},"end":{"line":94,"column":4}}},"fnMap":{"0":{"name":"InlineEditInputFactory","decl":{"start":{"line":18,"column":16},"end":{"line":18,"column":38}},"loc":{"start":{"line":28,"column":3},"end":{"line":95,"column":1}},"line":28},"1":{"name":"(anonymous_1)","decl":{"start":{"line":23,"column":11},"end":{"line":23,"column":12}},"loc":{"start":{"line":23,"column":17},"end":{"line":23,"column":19}},"line":23},"2":{"name":"(anonymous_2)","decl":{"start":{"line":24,"column":13},"end":{"line":24,"column":14}},"loc":{"start":{"line":24,"column":19},"end":{"line":24,"column":21}},"line":24},"3":{"name":"(anonymous_3)","decl":{"start":{"line":25,"column":16},"end":{"line":25,"column":17}},"loc":{"start":{"line":25,"column":22},"end":{"line":25,"column":24}},"line":25},"4":{"name":"(anonymous_4)","decl":{"start":{"line":29,"column":22},"end":{"line":29,"column":23}},"loc":{"start":{"line":29,"column":29},"end":{"line":32,"column":3}},"line":29},"5":{"name":"(anonymous_5)","decl":{"start":{"line":36,"column":17},"end":{"line":36,"column":18}},"loc":{"start":{"line":36,"column":24},"end":{"line":42,"column":3}},"line":36},"6":{"name":"(anonymous_6)","decl":{"start":{"line":44,"column":21},"end":{"line":44,"column":22}},"loc":{"start":{"line":44,"column":28},"end":{"line":46,"column":3}},"line":44}},"branchMap":{"0":{"loc":{"start":{"line":19,"column":2},"end":{"line":19,"column":21}},"type":"default-arg","locations":[{"start":{"line":19,"column":14},"end":{"line":19,"column":21}}],"line":19},"1":{"loc":{"start":{"line":20,"column":2},"end":{"line":20,"column":12}},"type":"default-arg","locations":[{"start":{"line":20,"column":10},"end":{"line":20,"column":12}}],"line":20},"2":{"loc":{"start":{"line":23,"column":2},"end":{"line":23,"column":19}},"type":"default-arg","locations":[{"start":{"line":23,"column":11},"end":{"line":23,"column":19}}],"line":23},"3":{"loc":{"start":{"line":24,"column":2},"end":{"line":24,"column":21}},"type":"default-arg","locations":[{"start":{"line":24,"column":13},"end":{"line":24,"column":21}}],"line":24},"4":{"loc":{"start":{"line":25,"column":2},"end":{"line":25,"column":24}},"type":"default-arg","locations":[{"start":{"line":25,"column":16},"end":{"line":25,"column":24}}],"line":25},"5":{"loc":{"start":{"line":31,"column":11},"end":{"line":31,"column":31}},"type":"binary-expr","locations":[{"start":{"line":31,"column":11},"end":{"line":31,"column":15}},{"start":{"line":31,"column":19},"end":{"line":31,"column":31}}],"line":31},"6":{"loc":{"start":{"line":39,"column":4},"end":{"line":39,"column":71}},"type":"if","locations":[{"start":{"line":39,"column":4},"end":{"line":39,"column":71}},{"start":{},"end":{}}],"line":39},"7":{"loc":{"start":{"line":59,"column":53},"end":{"line":59,"column":82}},"type":"cond-expr","locations":[{"start":{"line":59,"column":65},"end":{"line":59,"column":77}},{"start":{"line":59,"column":80},"end":{"line":59,"column":82}}],"line":59},"8":{"loc":{"start":{"line":68,"column":56},"end":{"line":68,"column":85}},"type":"cond-expr","locations":[{"start":{"line":68,"column":68},"end":{"line":68,"column":80}},{"start":{"line":68,"column":83},"end":{"line":68,"column":85}}],"line":68},"9":{"loc":{"start":{"line":72,"column":2},"end":{"line":87,"column":3}},"type":"if","locations":[{"start":{"line":72,"column":2},"end":{"line":87,"column":3}},{"start":{},"end":{}}],"line":72},"10":{"loc":{"start":{"line":74,"column":76},"end":{"line":74,"column":105}},"type":"cond-expr","locations":[{"start":{"line":74,"column":88},"end":{"line":74,"column":100}},{"start":{"line":74,"column":103},"end":{"line":74,"column":105}}],"line":74}},"s":{"0":112,"1":6,"2":6,"3":112,"4":112,"5":4,"6":0,"7":4,"8":112,"9":92,"10":112,"11":112,"12":112,"13":112,"14":3,"15":109},"f":{"0":112,"1":0,"2":0,"3":0,"4":6,"5":4,"6":92},"b":{"0":[65],"1":[2],"2":[7],"3":[8],"4":[8],"5":[6,1],"6":[0,4],"7":[106,6],"8":[106,6],"9":[3,109],"10":[2,1]},"_coverageSchema":"1a1c01bbd47fc00a2c39e90264f33305004495a9","hash":"344d8c56252e78627bc758250429eb4d0a87a6a9"}
,"/Users/yichangteh/Documents/bukku/open-source/antd-inline-edit/src/components/lib/InlineEditInputFactory/InlineEditInputFactory.style.js": {"path":"/Users/yichangteh/Documents/bukku/open-source/antd-inline-edit/src/components/lib/InlineEditInputFactory/InlineEditInputFactory.style.js","statementMap":{"0":{"start":{"line":3,"column":44},"end":{"line":10,"column":1}}},"fnMap":{},"branchMap":{},"s":{"0":4},"f":{},"b":{},"_coverageSchema":"1a1c01bbd47fc00a2c39e90264f33305004495a9","hash":"81e5253a45c5e10d3cdac7fb505fe627aab64009"}
,"/Users/yichangteh/Documents/bukku/open-source/antd-inline-edit/src/components/lib/InputSuffix/InputSuffix.js": {"path":"/Users/yichangteh/Documents/bukku/open-source/antd-inline-edit/src/components/lib/InputSuffix/InputSuffix.js","statementMap":{"0":{"start":{"line":13,"column":2},"end":{"line":15,"column":3}},"1":{"start":{"line":14,"column":4},"end":{"line":14,"column":78}},"2":{"start":{"line":17,"column":21},"end":{"line":56,"column":3}},"3":{"start":{"line":18,"column":4},"end":{"line":25,"column":5}},"4":{"start":{"line":19,"column":28},"end":{"line":19,"column":38}},"5":{"start":{"line":20,"column":6},"end":{"line":24,"column":9}},"6":{"start":{"line":27,"column":24},"end":{"line":27,"column":26}},"7":{"start":{"line":28,"column":4},"end":{"line":37,"column":5}},"8":{"start":{"line":29,"column":6},"end":{"line":36,"column":8}},"9":{"start":{"line":38,"column":4},"end":{"line":48,"column":5}},"10":{"start":{"line":39,"column":6},"end":{"line":47,"column":8}},"11":{"start":{"line":51,"column":4},"end":{"line":55,"column":6}},"12":{"start":{"line":58,"column":2},"end":{"line":60,"column":4}}},"fnMap":{"0":{"name":"InputSuffix","decl":{"start":{"line":6,"column":16},"end":{"line":6,"column":27}},"loc":{"start":{"line":12,"column":3},"end":{"line":61,"column":1}},"line":12},"1":{"name":"(anonymous_1)","decl":{"start":{"line":17,"column":21},"end":{"line":17,"column":22}},"loc":{"start":{"line":17,"column":27},"end":{"line":56,"column":3}},"line":17}},"branchMap":{"0":{"loc":{"start":{"line":11,"column":2},"end":{"line":11,"column":21}},"type":"default-arg","locations":[{"start":{"line":11,"column":14},"end":{"line":11,"column":21}}],"line":11},"1":{"loc":{"start":{"line":13,"column":2},"end":{"line":15,"column":3}},"type":"if","locations":[{"start":{"line":13,"column":2},"end":{"line":15,"column":3}},{"start":{},"end":{}}],"line":13},"2":{"loc":{"start":{"line":13,"column":6},"end":{"line":13,"column":41}},"type":"binary-expr","locations":[{"start":{"line":13,"column":6},"end":{"line":13,"column":10}},{"start":{"line":13,"column":14},"end":{"line":13,"column":41}}],"line":13},"3":{"loc":{"start":{"line":18,"column":4},"end":{"line":25,"column":5}},"type":"if","locations":[{"start":{"line":18,"column":4},"end":{"line":25,"column":5}},{"start":{},"end":{}}],"line":18},"4":{"loc":{"start":{"line":22,"column":74},"end":{"line":22,"column":105}},"type":"cond-expr","locations":[{"start":{"line":22,"column":86},"end":{"line":22,"column":88}},{"start":{"line":22,"column":91},"end":{"line":22,"column":105}}],"line":22},"5":{"loc":{"start":{"line":28,"column":4},"end":{"line":37,"column":5}},"type":"if","locations":[{"start":{"line":28,"column":4},"end":{"line":37,"column":5}},{"start":{},"end":{}}],"line":28},"6":{"loc":{"start":{"line":38,"column":4},"end":{"line":48,"column":5}},"type":"if","locations":[{"start":{"line":38,"column":4},"end":{"line":48,"column":5}},{"start":{},"end":{}}],"line":38},"7":{"loc":{"start":{"line":43,"column":65},"end":{"line":43,"column":96}},"type":"cond-expr","locations":[{"start":{"line":43,"column":77},"end":{"line":43,"column":79}},{"start":{"line":43,"column":82},"end":{"line":43,"column":96}}],"line":43}},"s":{"0":120,"1":4,"2":116,"3":116,"4":1,"5":1,"6":115,"7":115,"8":112,"9":115,"10":115,"11":115,"12":116},"f":{"0":120,"1":116},"b":{"0":[117],"1":[4,116],"2":[120,5],"3":[1,115],"4":[0,1],"5":[112,3],"6":[115,0],"7":[106,9]},"_coverageSchema":"1a1c01bbd47fc00a2c39e90264f33305004495a9","hash":"642ee460ec7c22ee5d650583ffe1b388a6c0a008"}
,"/Users/yichangteh/Documents/bukku/open-source/antd-inline-edit/src/components/lib/InputSuffix/InputSuffix.style.js": {"path":"/Users/yichangteh/Documents/bukku/open-source/antd-inline-edit/src/components/lib/InputSuffix/InputSuffix.style.js","statementMap":{"0":{"start":{"line":3,"column":33},"end":{"line":44,"column":1}}},"fnMap":{},"branchMap":{},"s":{"0":4},"f":{},"b":{},"_coverageSchema":"1a1c01bbd47fc00a2c39e90264f33305004495a9","hash":"ea3a12e37219a7dc6109ed87944d4c05b6891745"}
,"/Users/yichangteh/Documents/bukku/open-source/antd-inline-edit/src/components/testUtils/test-utils.js": {"path":"/Users/yichangteh/Documents/bukku/open-source/antd-inline-edit/src/components/testUtils/test-utils.js","statementMap":{"0":{"start":{"line":8,"column":2},"end":{"line":12,"column":4}},"1":{"start":{"line":15,"column":21},"end":{"line":15,"column":90}},"2":{"start":{"line":15,"column":38},"end":{"line":15,"column":90}}},"fnMap":{"0":{"name":"AllTheProviders","decl":{"start":{"line":7,"column":9},"end":{"line":7,"column":24}},"loc":{"start":{"line":7,"column":39},"end":{"line":13,"column":1}},"line":7},"1":{"name":"(anonymous_1)","decl":{"start":{"line":15,"column":21},"end":{"line":15,"column":22}},"loc":{"start":{"line":15,"column":38},"end":{"line":15,"column":90}},"line":15}},"branchMap":{},"s":{"0":41,"1":4,"2":40},"f":{"0":41,"1":40},"b":{},"_coverageSchema":"1a1c01bbd47fc00a2c39e90264f33305004495a9","hash":"1a7500a297970033b3b94cd5ba83ecb6b692f6c5"}
}
