TN:
SF:src/index.js
FNF:0
FNH:0
LF:0
LH:0
BRF:0
BRH:0
end_of_record
TN:
SF:src/components/StyleWrapper.js
FN:13,StyleWrapper
FNF:1
FNH:1
FNDA:92,StyleWrapper
DA:7,4
DA:14,92
LF:2
LH:2
BRF:0
BRH:0
end_of_record
TN:
SF:src/components/index.js
FN:31,InlineEdit
FN:32,(anonymous_1)
FN:33,(anonymous_2)
FN:47,(anonymous_3)
FN:50,(anonymous_4)
FN:54,(anonymous_5)
FN:57,(anonymous_6)
FN:60,(anonymous_7)
FN:66,(anonymous_8)
FN:91,(anonymous_9)
FNF:10
FNH:10
FNDA:57,InlineEdit
FNDA:2,(anonymous_1)
FNDA:7,(anonymous_2)
FNDA:9,(anonymous_3)
FNDA:9,(anonymous_4)
FNDA:15,(anonymous_5)
FNDA:15,(anonymous_6)
FNDA:5,(anonymous_7)
FNDA:1,(anonymous_8)
FNDA:1,(anonymous_9)
DA:41,57
DA:42,57
DA:43,57
DA:47,57
DA:48,9
DA:50,9
DA:54,57
DA:55,15
DA:57,15
DA:60,57
DA:61,5
DA:62,5
DA:63,5
DA:66,57
DA:67,1
DA:68,1
DA:74,57
DA:90,57
DA:92,1
DA:101,57
LF:20
LH:20
BRDA:32,0,0,12
BRDA:33,1,0,57
BRDA:34,2,0,4
BRDA:35,3,0,46
BRDA:36,4,0,57
BRDA:37,5,0,57
BRDA:38,6,0,4
BRDA:39,7,0,57
BRDA:55,8,0,8
BRDA:55,8,1,7
BRDA:55,9,0,15
BRDA:55,9,1,8
BRDA:103,10,0,46
BRDA:103,10,1,11
BRF:14
BRH:14
end_of_record
TN:
SF:src/components/lib/globals.js
FNF:0
FNH:0
DA:4,4
LF:1
LH:1
BRF:0
BRH:0
end_of_record
TN:
SF:src/components/lib/InlineEditDisplay/InlineEditDisplay.js
FN:9,InlineEditDisplay
FN:69,DisplayPlaceholder
FNF:2
FNH:2
FNDA:22,InlineEditDisplay
FNDA:10,DisplayPlaceholder
DA:7,2
DA:17,22
DA:22,14
DA:24,14
DA:25,2
DA:28,14
DA:29,1
DA:42,13
DA:43,6
DA:52,15
DA:53,7
DA:66,8
DA:72,10
LF:13
LH:13
BRDA:12,0,0,10
BRDA:17,1,0,14
BRDA:17,1,1,8
BRDA:24,2,0,2
BRDA:24,2,1,12
BRDA:24,3,0,14
BRDA:24,3,1,5
BRDA:28,4,0,1
BRDA:28,4,1,13
BRDA:42,5,0,6
BRDA:42,5,1,7
BRDA:44,6,0,6
BRDA:44,6,1,5
BRDA:52,7,0,7
BRDA:52,7,1,8
BRF:15
BRH:15
end_of_record
TN:
SF:src/components/lib/InlineEditDisplay/InlineEditDisplay.style.js
FNF:0
FNH:0
DA:3,4
LF:1
LH:1
BRF:0
BRH:0
end_of_record
TN:
SF:src/components/lib/InlineEditInputFactory/InlineEditInputFactory.js
FN:18,InlineEditInputFactory
FN:23,(anonymous_1)
FN:24,(anonymous_2)
FN:25,(anonymous_3)
FN:29,(anonymous_4)
FN:36,(anonymous_5)
FN:44,(anonymous_6)
FNF:7
FNH:4
FNDA:112,InlineEditInputFactory
FNDA:0,(anonymous_1)
FNDA:0,(anonymous_2)
FNDA:0,(anonymous_3)
FNDA:6,(anonymous_4)
FNDA:4,(anonymous_5)
FNDA:92,(anonymous_6)
DA:29,112
DA:30,6
DA:31,6
DA:34,112
DA:36,112
DA:39,4
DA:41,4
DA:44,112
DA:45,92
DA:48,112
DA:58,112
DA:67,112
DA:72,112
DA:73,3
DA:89,109
LF:15
LH:15
BRDA:19,0,0,65
BRDA:20,1,0,2
BRDA:23,2,0,7
BRDA:24,3,0,8
BRDA:25,4,0,8
BRDA:31,5,0,6
BRDA:31,5,1,1
BRDA:39,6,0,0
BRDA:39,6,1,4
BRDA:59,7,0,106
BRDA:59,7,1,6
BRDA:68,8,0,106
BRDA:68,8,1,6
BRDA:72,9,0,3
BRDA:72,9,1,109
BRDA:74,10,0,2
BRDA:74,10,1,1
BRF:17
BRH:16
end_of_record
TN:
SF:src/components/lib/InlineEditInputFactory/InlineEditInputFactory.style.js
FNF:0
FNH:0
DA:3,4
LF:1
LH:1
BRF:0
BRH:0
end_of_record
TN:
SF:src/components/lib/InputSuffix/InputSuffix.js
FN:6,InputSuffix
FN:17,(anonymous_1)
FNF:2
FNH:2
FNDA:120,InputSuffix
FNDA:116,(anonymous_1)
DA:13,120
DA:14,4
DA:17,116
DA:18,116
DA:19,1
DA:20,1
DA:27,115
DA:28,115
DA:29,112
DA:38,115
DA:39,115
DA:51,115
DA:58,116
LF:13
LH:13
BRDA:11,0,0,117
BRDA:13,1,0,4
BRDA:13,1,1,116
BRDA:13,2,0,120
BRDA:13,2,1,5
BRDA:18,3,0,1
BRDA:18,3,1,115
BRDA:22,4,0,0
BRDA:22,4,1,1
BRDA:28,5,0,112
BRDA:28,5,1,3
BRDA:38,6,0,115
BRDA:38,6,1,0
BRDA:43,7,0,106
BRDA:43,7,1,9
BRF:15
BRH:13
end_of_record
TN:
SF:src/components/lib/InputSuffix/InputSuffix.style.js
FNF:0
FNH:0
DA:3,4
LF:1
LH:1
BRF:0
BRH:0
end_of_record
TN:
SF:src/components/testUtils/test-utils.js
FN:7,AllTheProviders
FN:15,(anonymous_1)
FNF:2
FNH:2
FNDA:41,AllTheProviders
FNDA:40,(anonymous_1)
DA:8,41
DA:15,40
LF:2
LH:2
BRF:0
BRH:0
end_of_record
